Analysis & Synthesis report for AXI_PROJECT
Tue Nov 11 11:47:01 2025
Quartus II 64-Bit Version 13.0.1 Build 232 06/12/2013 Service Pack 1 SJ Web Edition


---------------------
; Table of Contents ;
---------------------
  1. Legal Notice
  2. Analysis & Synthesis Summary
  3. Analysis & Synthesis Settings
  4. Parallel Compilation
  5. Analysis & Synthesis Messages
  6. Analysis & Synthesis Suppressed Messages



----------------
; Legal Notice ;
----------------
Copyright (C) 1991-2013 Altera Corporation
Your use of Altera Corporation's design tools, logic functions 
and other software and tools, and its AMPP partner logic 
functions, and any output files from any of the foregoing 
(including device programming or simulation files), and any 
associated documentation or information are expressly subject 
to the terms and conditions of the Altera Program License 
Subscription Agreement, Altera MegaCore Function License 
Agreement, or other applicable license agreement, including, 
without limitation, that your use is for the sole purpose of 
programming logic devices manufactured by Altera and sold by 
Altera or its authorized distributors.  Please refer to the 
applicable agreement for further details.



+--------------------------------------------------------------------------------------+
; Analysis & Synthesis Summary                                                         ;
+------------------------------------+-------------------------------------------------+
; Analysis & Synthesis Status        ; Failed - Tue Nov 11 11:47:01 2025               ;
; Quartus II 64-Bit Version          ; 13.0.1 Build 232 06/12/2013 SP 1 SJ Web Edition ;
; Revision Name                      ; AXI_PROJECT                                     ;
; Top-level Entity Name              ; alu_master_system                               ;
; Family                             ; Cyclone II                                      ;
; Total logic elements               ; N/A until Partition Merge                       ;
;     Total combinational functions  ; N/A until Partition Merge                       ;
;     Dedicated logic registers      ; N/A until Partition Merge                       ;
; Total registers                    ; N/A until Partition Merge                       ;
; Total pins                         ; N/A until Partition Merge                       ;
; Total virtual pins                 ; N/A until Partition Merge                       ;
; Total memory bits                  ; N/A until Partition Merge                       ;
; Embedded Multiplier 9-bit elements ; N/A until Partition Merge                       ;
; Total PLLs                         ; N/A until Partition Merge                       ;
+------------------------------------+-------------------------------------------------+


+----------------------------------------------------------------------------------------------------------------------+
; Analysis & Synthesis Settings                                                                                        ;
+----------------------------------------------------------------------------+--------------------+--------------------+
; Option                                                                     ; Setting            ; Default Value      ;
+----------------------------------------------------------------------------+--------------------+--------------------+
; Device                                                                     ; EP2C35F672C6       ;                    ;
; Top-level entity name                                                      ; alu_master_system  ; AXI_PROJECT        ;
; Family name                                                                ; Cyclone II         ; Cyclone IV GX      ;
; Use smart compilation                                                      ; Off                ; Off                ;
; Enable parallel Assembler and TimeQuest Timing Analyzer during compilation ; On                 ; On                 ;
; Enable compact report table                                                ; Off                ; Off                ;
; Restructure Multiplexers                                                   ; Auto               ; Auto               ;
; Create Debugging Nodes for IP Cores                                        ; Off                ; Off                ;
; Preserve fewer node names                                                  ; On                 ; On                 ;
; Disable OpenCore Plus hardware evaluation                                  ; Off                ; Off                ;
; Verilog Version                                                            ; Verilog_2001       ; Verilog_2001       ;
; VHDL Version                                                               ; VHDL_1993          ; VHDL_1993          ;
; State Machine Processing                                                   ; Auto               ; Auto               ;
; Safe State Machine                                                         ; Off                ; Off                ;
; Extract Verilog State Machines                                             ; On                 ; On                 ;
; Extract VHDL State Machines                                                ; On                 ; On                 ;
; Ignore Verilog initial constructs                                          ; Off                ; Off                ;
; Iteration limit for constant Verilog loops                                 ; 5000               ; 5000               ;
; Iteration limit for non-constant Verilog loops                             ; 250                ; 250                ;
; Add Pass-Through Logic to Inferred RAMs                                    ; On                 ; On                 ;
; Infer RAMs from Raw Logic                                                  ; On                 ; On                 ;
; Parallel Synthesis                                                         ; On                 ; On                 ;
; DSP Block Balancing                                                        ; Auto               ; Auto               ;
; NOT Gate Push-Back                                                         ; On                 ; On                 ;
; Power-Up Don't Care                                                        ; On                 ; On                 ;
; Remove Redundant Logic Cells                                               ; Off                ; Off                ;
; Remove Duplicate Registers                                                 ; On                 ; On                 ;
; Ignore CARRY Buffers                                                       ; Off                ; Off                ;
; Ignore CASCADE Buffers                                                     ; Off                ; Off                ;
; Ignore GLOBAL Buffers                                                      ; Off                ; Off                ;
; Ignore ROW GLOBAL Buffers                                                  ; Off                ; Off                ;
; Ignore LCELL Buffers                                                       ; Off                ; Off                ;
; Ignore SOFT Buffers                                                        ; On                 ; On                 ;
; Limit AHDL Integers to 32 Bits                                             ; Off                ; Off                ;
; Optimization Technique                                                     ; Balanced           ; Balanced           ;
; Carry Chain Length                                                         ; 70                 ; 70                 ;
; Auto Carry Chains                                                          ; On                 ; On                 ;
; Auto Open-Drain Pins                                                       ; On                 ; On                 ;
; Perform WYSIWYG Primitive Resynthesis                                      ; Off                ; Off                ;
; Auto ROM Replacement                                                       ; On                 ; On                 ;
; Auto RAM Replacement                                                       ; On                 ; On                 ;
; Auto Shift Register Replacement                                            ; Auto               ; Auto               ;
; Allow Shift Register Merging across Hierarchies                            ; Auto               ; Auto               ;
; Auto Clock Enable Replacement                                              ; On                 ; On                 ;
; Strict RAM Replacement                                                     ; Off                ; Off                ;
; Allow Synchronous Control Signals                                          ; On                 ; On                 ;
; Force Use of Synchronous Clear Signals                                     ; Off                ; Off                ;
; Auto RAM to Logic Cell Conversion                                          ; Off                ; Off                ;
; Auto Resource Sharing                                                      ; Off                ; Off                ;
; Allow Any RAM Size For Recognition                                         ; Off                ; Off                ;
; Allow Any ROM Size For Recognition                                         ; Off                ; Off                ;
; Allow Any Shift Register Size For Recognition                              ; Off                ; Off                ;
; Use LogicLock Constraints during Resource Balancing                        ; On                 ; On                 ;
; Ignore translate_off and synthesis_off directives                          ; Off                ; Off                ;
; Timing-Driven Synthesis                                                    ; Off                ; Off                ;
; Report Parameter Settings                                                  ; On                 ; On                 ;
; Report Source Assignments                                                  ; On                 ; On                 ;
; Report Connectivity Checks                                                 ; On                 ; On                 ;
; Ignore Maximum Fan-Out Assignments                                         ; Off                ; Off                ;
; Synchronization Register Chain Length                                      ; 2                  ; 2                  ;
; PowerPlay Power Optimization                                               ; Normal compilation ; Normal compilation ;
; HDL message level                                                          ; Level2             ; Level2             ;
; Suppress Register Optimization Related Messages                            ; Off                ; Off                ;
; Number of Removed Registers Reported in Synthesis Report                   ; 5000               ; 5000               ;
; Number of Swept Nodes Reported in Synthesis Report                         ; 5000               ; 5000               ;
; Number of Inverted Registers Reported in Synthesis Report                  ; 100                ; 100                ;
; Clock MUX Protection                                                       ; On                 ; On                 ;
; Auto Gated Clock Conversion                                                ; Off                ; Off                ;
; Block Design Naming                                                        ; Auto               ; Auto               ;
; SDC constraint protection                                                  ; Off                ; Off                ;
; Synthesis Effort                                                           ; Auto               ; Auto               ;
; Shift Register Replacement - Allow Asynchronous Clear Signal               ; On                 ; On                 ;
; Pre-Mapping Resynthesis Optimization                                       ; Off                ; Off                ;
; Analysis & Synthesis Message Level                                         ; Medium             ; Medium             ;
; Disable Register Merging Across Hierarchies                                ; Auto               ; Auto               ;
; Resource Aware Inference For Block RAM                                     ; On                 ; On                 ;
; Synthesis Seed                                                             ; 1                  ; 1                  ;
+----------------------------------------------------------------------------+--------------------+--------------------+


+------------------------------------------+
; Parallel Compilation                     ;
+----------------------------+-------------+
; Processors                 ; Number      ;
+----------------------------+-------------+
; Number detected on machine ; 16          ;
; Maximum allowed            ; 8           ;
;                            ;             ;
; Average used               ; 1.00        ;
; Maximum used               ; 1           ;
;                            ;             ;
; Usage by Processor         ; % Time Used ;
;     Processor 1            ; 100.0%      ;
;     Processors 2-16        ;   0.0%      ;
+----------------------------+-------------+


+-------------------------------+
; Analysis & Synthesis Messages ;
+-------------------------------+
Info: *******************************************************************
Info: Running Quartus II 64-Bit Analysis & Synthesis
    Info: Version 13.0.1 Build 232 06/12/2013 Service Pack 1 SJ Web Edition
    Info: Processing started: Tue Nov 11 11:47:00 2025
Info: Command: quartus_map --read_settings_files=on --write_settings_files=off AXI_PROJECT -c AXI_PROJECT
Info (11104): Parallel Compilation has detected 16 hyper-threaded processors. However, the extra hyper-threaded processors will not be used by default. Parallel Compilation will use 8 of the 8 physical processors detected instead.
Info (12021): Found 1 design units, including 1 entities, in source file /axi/src/wrapper/wb2axi_write.v
    Info (12023): Found entity 1: wb2axi_write
Info (12021): Found 1 design units, including 1 entities, in source file /axi/src/wrapper/wb2axi_read.v
    Info (12023): Found entity 1: wb2axi_read
Info (12021): Found 1 design units, including 1 entities, in source file /axi/src/wrapper/serv_axi_wrapper.v
    Info (12023): Found entity 1: serv_axi_wrapper
Info (12021): Found 1 design units, including 1 entities, in source file /axi/src/wrapper/serv_axi_system.v
    Info (12023): Found entity 1: serv_axi_system
Info (12021): Found 1 design units, including 1 entities, in source file /axi/src/wrapper/axi_rom_slave.v
    Info (12023): Found entity 1: axi_rom_slave
Info (12021): Found 1 design units, including 1 entities, in source file /axi/src/wrapper/axi_memory_slave.v
    Info (12023): Found entity 1: axi_memory_slave
Info (12021): Found 1 design units, including 1 entities, in source file /axi/src/wrapper/alu_master_system.v
    Info (12023): Found entity 1: alu_master_system
Info (12021): Found 1 design units, including 1 entities, in source file /axi/master_alu/alu_tb/cpu_alu_master_tb.v
    Info (12023): Found entity 1: CPU_ALU_Master_tb
Info (12021): Found 1 design units, including 1 entities, in source file /axi/master_alu/alu/simple_axi_master_test.v
    Info (12023): Found entity 1: Simple_AXI_Master_Test
Info (12021): Found 1 design units, including 1 entities, in source file /axi/master_alu/alu/cpu_controller.v
    Info (12023): Found entity 1: CPU_Controller
Info (12021): Found 1 design units, including 1 entities, in source file /axi/master_alu/alu/cpu_alu_master.v
    Info (12023): Found entity 1: CPU_ALU_Master
Info (12021): Found 1 design units, including 1 entities, in source file /axi/master_alu/alu/alu_core.v
    Info (12023): Found entity 1: ALU_Core
Info (12021): Found 1 design units, including 1 entities, in source file /axi/slave_memory/simple_memory_slave.v
    Info (12023): Found entity 1: Simple_Memory_Slave
Info (12021): Found 1 design units, including 1 entities, in source file /axi/src/cores/serv/rtl/serv_state.v
    Info (12023): Found entity 1: serv_state
Info (12021): Found 1 design units, including 1 entities, in source file /axi/src/cores/serv/rtl/serv_immdec.v
    Info (12023): Found entity 1: serv_immdec
Info (12021): Found 1 design units, including 1 entities, in source file /axi/src/cores/serv/rtl/serv_compdec.v
    Info (12023): Found entity 1: serv_compdec
Info (12021): Found 1 design units, including 1 entities, in source file /axi/src/cores/serv/rtl/serv_decode.v
    Info (12023): Found entity 1: serv_decode
Info (12021): Found 1 design units, including 1 entities, in source file /axi/src/cores/serv/rtl/serv_alu.v
    Info (12023): Found entity 1: serv_alu
Info (12021): Found 1 design units, including 1 entities, in source file /axi/src/cores/serv/rtl/serv_ctrl.v
    Info (12023): Found entity 1: serv_ctrl
Info (12021): Found 1 design units, including 1 entities, in source file /axi/src/cores/serv/rtl/serv_csr.v
    Info (12023): Found entity 1: serv_csr
Info (12021): Found 1 design units, including 1 entities, in source file /axi/src/cores/serv/rtl/serv_bufreg.v
    Info (12023): Found entity 1: serv_bufreg
Info (12021): Found 1 design units, including 1 entities, in source file /axi/src/cores/serv/rtl/serv_bufreg2.v
    Info (12023): Found entity 1: serv_bufreg2
Info (12021): Found 1 design units, including 1 entities, in source file /axi/src/cores/serv/rtl/serv_aligner.v
    Info (12023): Found entity 1: serv_aligner
Info (12021): Found 1 design units, including 1 entities, in source file /axi/src/cores/serv/rtl/serv_mem_if.v
    Info (12023): Found entity 1: serv_mem_if
Info (12021): Found 1 design units, including 1 entities, in source file /axi/src/cores/serv/rtl/serv_rf_if.v
    Info (12023): Found entity 1: serv_rf_if
Info (12021): Found 1 design units, including 1 entities, in source file /axi/src/cores/serv/rtl/serv_rf_ram_if.v
    Info (12023): Found entity 1: serv_rf_ram_if
Info (12021): Found 1 design units, including 1 entities, in source file /axi/src/cores/serv/rtl/serv_rf_ram.v
    Info (12023): Found entity 1: serv_rf_ram
Info (12021): Found 1 design units, including 1 entities, in source file /axi/src/cores/serv/rtl/serv_rf_top.v
    Info (12023): Found entity 1: serv_rf_top
Info (12021): Found 1 design units, including 1 entities, in source file /axi/src/cores/serv/rtl/serv_top.v
    Info (12023): Found entity 1: serv_top
Info (12021): Found 1 design units, including 1 entities, in source file /axi/src/axi_interconnect/rtl/utils/faling_edge_detc.v
    Info (12023): Found entity 1: Faling_Edge_Detc
Info (12021): Found 1 design units, including 1 entities, in source file /axi/src/axi_interconnect/rtl/utils/raising_edge_det.v
    Info (12023): Found entity 1: Raising_Edge_Det
Info (12021): Found 1 design units, including 1 entities, in source file /axi/src/axi_interconnect/rtl/handshake/aw_handshake_checker.v
    Info (12023): Found entity 1: AW_HandShake_Checker
Info (12021): Found 1 design units, including 1 entities, in source file /axi/src/axi_interconnect/rtl/handshake/wd_handshake.v
    Info (12023): Found entity 1: WD_HandShake
Info (12021): Found 1 design units, including 1 entities, in source file /axi/src/axi_interconnect/rtl/handshake/wr_handshake.v
    Info (12023): Found entity 1: WR_HandShake
Info (12021): Found 1 design units, including 1 entities, in source file /axi/src/axi_interconnect/rtl/datapath/mux/aw_mux_2_1.v
    Info (12023): Found entity 1: AW_MUX_2_1
Info (12021): Found 1 design units, including 1 entities, in source file /axi/src/axi_interconnect/rtl/datapath/mux/bready_mux_2_1.v
    Info (12023): Found entity 1: BReady_MUX_2_1
Info (12021): Found 1 design units, including 1 entities, in source file /axi/src/axi_interconnect/rtl/datapath/mux/mux_2x1.v
    Info (12023): Found entity 1: Mux_2x1
Info (12021): Found 1 design units, including 1 entities, in source file /axi/src/axi_interconnect/rtl/datapath/mux/mux_2x1_en.v
    Info (12023): Found entity 1: Mux_2x1_en
Info (12021): Found 1 design units, including 1 entities, in source file /axi/src/axi_interconnect/rtl/datapath/mux/mux_4x1.v
    Info (12023): Found entity 1: Mux_4x1
Info (12021): Found 1 design units, including 1 entities, in source file /axi/src/axi_interconnect/rtl/datapath/mux/wd_mux_2_1.v
    Info (12023): Found entity 1: WD_MUX_2_1
Info (12021): Found 1 design units, including 1 entities, in source file /axi/src/axi_interconnect/rtl/datapath/demux/demux_1x2.v
    Info (12023): Found entity 1: Demux_1x2
Info (12021): Found 1 design units, including 1 entities, in source file /axi/src/axi_interconnect/rtl/datapath/demux/demux_1x2_en.v
    Info (12023): Found entity 1: Demux_1x2_en
Info (12021): Found 1 design units, including 1 entities, in source file /axi/src/axi_interconnect/rtl/datapath/demux/demux_1x4.v
    Info (12023): Found entity 1: Demux_1x4
Info (12021): Found 1 design units, including 1 entities, in source file /axi/src/axi_interconnect/rtl/datapath/demux/demux_1_2.v
    Info (12023): Found entity 1: Demux_1_2
Info (12021): Found 1 design units, including 1 entities, in source file /axi/src/axi_interconnect/rtl/buffers/queue.v
    Info (12023): Found entity 1: Queue
Info (12021): Found 1 design units, including 1 entities, in source file /axi/src/axi_interconnect/rtl/buffers/resp_queue.v
    Info (12023): Found entity 1: Resp_Queue
Info (12021): Found 1 design units, including 1 entities, in source file /axi/src/axi_interconnect/rtl/arbitration/qos_arbiter.v
    Info (12023): Found entity 1: Qos_Arbiter
Info (12021): Found 1 design units, including 1 entities, in source file /axi/src/axi_interconnect/rtl/arbitration/read_arbiter.v
    Info (12023): Found entity 1: Read_Arbiter
Info (12021): Found 1 design units, including 1 entities, in source file /axi/src/axi_interconnect/rtl/arbitration/write_arbiter.v
    Info (12023): Found entity 1: Write_Arbiter
Info (12021): Found 1 design units, including 1 entities, in source file /axi/src/axi_interconnect/rtl/arbitration/write_arbiter_rr.v
    Info (12023): Found entity 1: Write_Arbiter_RR
Info (12021): Found 1 design units, including 1 entities, in source file /axi/src/axi_interconnect/rtl/decoders/read_addr_channel_dec.v
    Info (12023): Found entity 1: Read_Addr_Channel_Dec
Info (12021): Found 1 design units, including 1 entities, in source file /axi/src/axi_interconnect/rtl/decoders/write_addr_channel_dec.v
    Info (12023): Found entity 1: Write_Addr_Channel_Dec
Info (12021): Found 1 design units, including 1 entities, in source file /axi/src/axi_interconnect/rtl/decoders/write_resp_channel_arb.v
    Info (12023): Found entity 1: Write_Resp_Channel_Arb
Warning (10090): Verilog HDL syntax warning at Write_Resp_Channel_Dec.v(17): extra block comment delimiter characters /* within block comment
Info (12021): Found 1 design units, including 1 entities, in source file /axi/src/axi_interconnect/rtl/decoders/write_resp_channel_dec.v
    Info (12023): Found entity 1: Write_Resp_Channel_Dec
Warning (10090): Verilog HDL syntax warning at AW_Channel_Controller_Top.v(21): extra block comment delimiter characters /* within block comment
Warning (10090): Verilog HDL syntax warning at AW_Channel_Controller_Top.v(25): extra block comment delimiter characters /* within block comment
Warning (10090): Verilog HDL syntax warning at AW_Channel_Controller_Top.v(44): extra block comment delimiter characters /* within block comment
Warning (10090): Verilog HDL syntax warning at AW_Channel_Controller_Top.v(61): extra block comment delimiter characters /* within block comment
Info (12021): Found 1 design units, including 1 entities, in source file /axi/src/axi_interconnect/rtl/channel_controllers/write/aw_channel_controller_top.v
    Info (12023): Found entity 1: AW_Channel_Controller_Top
Warning (10090): Verilog HDL syntax warning at BR_Channel_Controller_Top.v(13): extra block comment delimiter characters /* within block comment
Warning (10090): Verilog HDL syntax warning at BR_Channel_Controller_Top.v(18): extra block comment delimiter characters /* within block comment
Warning (10090): Verilog HDL syntax warning at BR_Channel_Controller_Top.v(24): extra block comment delimiter characters /* within block comment
Warning (10090): Verilog HDL syntax warning at BR_Channel_Controller_Top.v(30): extra block comment delimiter characters /* within block comment
Warning (10090): Verilog HDL syntax warning at BR_Channel_Controller_Top.v(37): extra block comment delimiter characters /* within block comment
Info (12021): Found 1 design units, including 1 entities, in source file /axi/src/axi_interconnect/rtl/channel_controllers/write/br_channel_controller_top.v
    Info (12023): Found entity 1: BR_Channel_Controller_Top
Warning (10090): Verilog HDL syntax warning at WD_Channel_Controller_Top.v(21): extra block comment delimiter characters /* within block comment
Warning (10090): Verilog HDL syntax warning at WD_Channel_Controller_Top.v(26): extra block comment delimiter characters /* within block comment
Warning (10090): Verilog HDL syntax warning at WD_Channel_Controller_Top.v(35): extra block comment delimiter characters /* within block comment
Warning (10090): Verilog HDL syntax warning at WD_Channel_Controller_Top.v(44): extra block comment delimiter characters /* within block comment
Warning (10090): Verilog HDL syntax warning at WD_Channel_Controller_Top.v(53): extra block comment delimiter characters /* within block comment
Info (12021): Found 1 design units, including 1 entities, in source file /axi/src/axi_interconnect/rtl/channel_controllers/write/wd_channel_controller_top.v
    Info (12023): Found entity 1: WD_Channel_Controller_Top
Info (12021): Found 1 design units, including 1 entities, in source file /axi/src/axi_interconnect/rtl/channel_controllers/read/ar_channel_controller_top.v
    Info (12023): Found entity 1: AR_Channel_Controller_Top
Info (12021): Found 1 design units, including 1 entities, in source file /axi/src/axi_interconnect/rtl/channel_controllers/read/controller.v
    Info (12023): Found entity 1: Controller
Info (12021): Found 1 design units, including 1 entities, in source file /axi/src/axi_interconnect/rtl/core/axi_interconnect.v
    Info (12023): Found entity 1: AXI_Interconnect
Info (12021): Found 1 design units, including 1 entities, in source file /axi/src/axi_interconnect/rtl/core/axi_interconnect_2s_rdonly.v
    Info (12023): Found entity 1: AXI_Interconnect_2S_RDONLY
Info (12021): Found 1 design units, including 1 entities, in source file /axi/src/axi_interconnect/rtl/core/axi_interconnect_full.v
    Info (12023): Found entity 1: AXI_Interconnect_Full
Info (12127): Elaborating entity "alu_master_system" for the top level hierarchy
Info (12128): Elaborating entity "CPU_ALU_Master" for hierarchy "CPU_ALU_Master:u_master0"
Info (12128): Elaborating entity "ALU_Core" for hierarchy "CPU_ALU_Master:u_master0|ALU_Core:u_alu"
Info (12128): Elaborating entity "CPU_Controller" for hierarchy "CPU_ALU_Master:u_master0|CPU_Controller:u_controller"
Warning (10240): Verilog HDL Always Construct warning at CPU_Controller.v(112): inferring latch(es) for variable "read_addr", which holds its previous value in one or more paths through the always construct
Warning (10240): Verilog HDL Always Construct warning at CPU_Controller.v(112): inferring latch(es) for variable "write_addr", which holds its previous value in one or more paths through the always construct
Warning (10240): Verilog HDL Always Construct warning at CPU_Controller.v(112): inferring latch(es) for variable "write_data", which holds its previous value in one or more paths through the always construct
Info (10041): Inferred latch for "write_data[0]" at CPU_Controller.v(112)
Info (10041): Inferred latch for "write_data[1]" at CPU_Controller.v(112)
Info (10041): Inferred latch for "write_data[2]" at CPU_Controller.v(112)
Info (10041): Inferred latch for "write_data[3]" at CPU_Controller.v(112)
Info (10041): Inferred latch for "write_data[4]" at CPU_Controller.v(112)
Info (10041): Inferred latch for "write_data[5]" at CPU_Controller.v(112)
Info (10041): Inferred latch for "write_data[6]" at CPU_Controller.v(112)
Info (10041): Inferred latch for "write_data[7]" at CPU_Controller.v(112)
Info (10041): Inferred latch for "write_data[8]" at CPU_Controller.v(112)
Info (10041): Inferred latch for "write_data[9]" at CPU_Controller.v(112)
Info (10041): Inferred latch for "write_data[10]" at CPU_Controller.v(112)
Info (10041): Inferred latch for "write_data[11]" at CPU_Controller.v(112)
Info (10041): Inferred latch for "write_data[12]" at CPU_Controller.v(112)
Info (10041): Inferred latch for "write_data[13]" at CPU_Controller.v(112)
Info (10041): Inferred latch for "write_data[14]" at CPU_Controller.v(112)
Info (10041): Inferred latch for "write_data[15]" at CPU_Controller.v(112)
Info (10041): Inferred latch for "write_data[16]" at CPU_Controller.v(112)
Info (10041): Inferred latch for "write_data[17]" at CPU_Controller.v(112)
Info (10041): Inferred latch for "write_data[18]" at CPU_Controller.v(112)
Info (10041): Inferred latch for "write_data[19]" at CPU_Controller.v(112)
Info (10041): Inferred latch for "write_data[20]" at CPU_Controller.v(112)
Info (10041): Inferred latch for "write_data[21]" at CPU_Controller.v(112)
Info (10041): Inferred latch for "write_data[22]" at CPU_Controller.v(112)
Info (10041): Inferred latch for "write_data[23]" at CPU_Controller.v(112)
Info (10041): Inferred latch for "write_data[24]" at CPU_Controller.v(112)
Info (10041): Inferred latch for "write_data[25]" at CPU_Controller.v(112)
Info (10041): Inferred latch for "write_data[26]" at CPU_Controller.v(112)
Info (10041): Inferred latch for "write_data[27]" at CPU_Controller.v(112)
Info (10041): Inferred latch for "write_data[28]" at CPU_Controller.v(112)
Info (10041): Inferred latch for "write_data[29]" at CPU_Controller.v(112)
Info (10041): Inferred latch for "write_data[30]" at CPU_Controller.v(112)
Info (10041): Inferred latch for "write_data[31]" at CPU_Controller.v(112)
Info (10041): Inferred latch for "write_addr[0]" at CPU_Controller.v(112)
Info (10041): Inferred latch for "write_addr[1]" at CPU_Controller.v(112)
Info (10041): Inferred latch for "write_addr[2]" at CPU_Controller.v(112)
Info (10041): Inferred latch for "write_addr[3]" at CPU_Controller.v(112)
Info (10041): Inferred latch for "write_addr[4]" at CPU_Controller.v(112)
Info (10041): Inferred latch for "write_addr[5]" at CPU_Controller.v(112)
Info (10041): Inferred latch for "write_addr[6]" at CPU_Controller.v(112)
Info (10041): Inferred latch for "write_addr[7]" at CPU_Controller.v(112)
Info (10041): Inferred latch for "write_addr[8]" at CPU_Controller.v(112)
Info (10041): Inferred latch for "write_addr[9]" at CPU_Controller.v(112)
Info (10041): Inferred latch for "write_addr[10]" at CPU_Controller.v(112)
Info (10041): Inferred latch for "write_addr[11]" at CPU_Controller.v(112)
Info (10041): Inferred latch for "write_addr[12]" at CPU_Controller.v(112)
Info (10041): Inferred latch for "write_addr[13]" at CPU_Controller.v(112)
Info (10041): Inferred latch for "write_addr[14]" at CPU_Controller.v(112)
Info (10041): Inferred latch for "write_addr[15]" at CPU_Controller.v(112)
Info (10041): Inferred latch for "write_addr[16]" at CPU_Controller.v(112)
Info (10041): Inferred latch for "write_addr[17]" at CPU_Controller.v(112)
Info (10041): Inferred latch for "write_addr[18]" at CPU_Controller.v(112)
Info (10041): Inferred latch for "write_addr[19]" at CPU_Controller.v(112)
Info (10041): Inferred latch for "write_addr[20]" at CPU_Controller.v(112)
Info (10041): Inferred latch for "write_addr[21]" at CPU_Controller.v(112)
Info (10041): Inferred latch for "write_addr[22]" at CPU_Controller.v(112)
Info (10041): Inferred latch for "write_addr[23]" at CPU_Controller.v(112)
Info (10041): Inferred latch for "write_addr[24]" at CPU_Controller.v(112)
Info (10041): Inferred latch for "write_addr[25]" at CPU_Controller.v(112)
Info (10041): Inferred latch for "write_addr[26]" at CPU_Controller.v(112)
Info (10041): Inferred latch for "write_addr[27]" at CPU_Controller.v(112)
Info (10041): Inferred latch for "write_addr[28]" at CPU_Controller.v(112)
Info (10041): Inferred latch for "write_addr[29]" at CPU_Controller.v(112)
Info (10041): Inferred latch for "write_addr[30]" at CPU_Controller.v(112)
Info (10041): Inferred latch for "write_addr[31]" at CPU_Controller.v(112)
Info (10041): Inferred latch for "read_addr[0]" at CPU_Controller.v(112)
Info (10041): Inferred latch for "read_addr[1]" at CPU_Controller.v(112)
Info (10041): Inferred latch for "read_addr[2]" at CPU_Controller.v(112)
Info (10041): Inferred latch for "read_addr[3]" at CPU_Controller.v(112)
Info (10041): Inferred latch for "read_addr[4]" at CPU_Controller.v(112)
Info (10041): Inferred latch for "read_addr[5]" at CPU_Controller.v(112)
Info (10041): Inferred latch for "read_addr[6]" at CPU_Controller.v(112)
Info (10041): Inferred latch for "read_addr[7]" at CPU_Controller.v(112)
Info (10041): Inferred latch for "read_addr[8]" at CPU_Controller.v(112)
Info (10041): Inferred latch for "read_addr[9]" at CPU_Controller.v(112)
Info (10041): Inferred latch for "read_addr[10]" at CPU_Controller.v(112)
Info (10041): Inferred latch for "read_addr[11]" at CPU_Controller.v(112)
Info (10041): Inferred latch for "read_addr[12]" at CPU_Controller.v(112)
Info (10041): Inferred latch for "read_addr[13]" at CPU_Controller.v(112)
Info (10041): Inferred latch for "read_addr[14]" at CPU_Controller.v(112)
Info (10041): Inferred latch for "read_addr[15]" at CPU_Controller.v(112)
Info (10041): Inferred latch for "read_addr[16]" at CPU_Controller.v(112)
Info (10041): Inferred latch for "read_addr[17]" at CPU_Controller.v(112)
Info (10041): Inferred latch for "read_addr[18]" at CPU_Controller.v(112)
Info (10041): Inferred latch for "read_addr[19]" at CPU_Controller.v(112)
Info (10041): Inferred latch for "read_addr[20]" at CPU_Controller.v(112)
Info (10041): Inferred latch for "read_addr[21]" at CPU_Controller.v(112)
Info (10041): Inferred latch for "read_addr[22]" at CPU_Controller.v(112)
Info (10041): Inferred latch for "read_addr[23]" at CPU_Controller.v(112)
Info (10041): Inferred latch for "read_addr[24]" at CPU_Controller.v(112)
Info (10041): Inferred latch for "read_addr[25]" at CPU_Controller.v(112)
Info (10041): Inferred latch for "read_addr[26]" at CPU_Controller.v(112)
Info (10041): Inferred latch for "read_addr[27]" at CPU_Controller.v(112)
Info (10041): Inferred latch for "read_addr[28]" at CPU_Controller.v(112)
Info (10041): Inferred latch for "read_addr[29]" at CPU_Controller.v(112)
Info (10041): Inferred latch for "read_addr[30]" at CPU_Controller.v(112)
Info (10041): Inferred latch for "read_addr[31]" at CPU_Controller.v(112)
Info (12128): Elaborating entity "AXI_Interconnect_Full" for hierarchy "AXI_Interconnect_Full:u_interconnect"
Info (12128): Elaborating entity "AW_Channel_Controller_Top" for hierarchy "AXI_Interconnect_Full:u_interconnect|AW_Channel_Controller_Top:u_AW_Channel_Controller_Top"
Warning (10230): Verilog HDL assignment warning at AW_Channel_Controller_Top.v(322): truncated value with size 8 to match size of target (4)
Warning (10230): Verilog HDL assignment warning at AW_Channel_Controller_Top.v(323): truncated value with size 8 to match size of target (4)
Info (12128): Elaborating entity "Qos_Arbiter" for hierarchy "AXI_Interconnect_Full:u_interconnect|AW_Channel_Controller_Top:u_AW_Channel_Controller_Top|Qos_Arbiter:u_Qos_Arbiter"
Info (12128): Elaborating entity "Faling_Edge_Detc" for hierarchy "AXI_Interconnect_Full:u_interconnect|AW_Channel_Controller_Top:u_AW_Channel_Controller_Top|Faling_Edge_Detc:u_Faling_Edge_Detc"
Info (12128): Elaborating entity "Raising_Edge_Det" for hierarchy "AXI_Interconnect_Full:u_interconnect|AW_Channel_Controller_Top:u_AW_Channel_Controller_Top|Raising_Edge_Det:u_Raising_Edge_Det"
Info (12128): Elaborating entity "AW_HandShake_Checker" for hierarchy "AXI_Interconnect_Full:u_interconnect|AW_Channel_Controller_Top:u_AW_Channel_Controller_Top|AW_HandShake_Checker:u_Address_Write_HandShake_Checker"
Info (12128): Elaborating entity "Demux_1_2" for hierarchy "AXI_Interconnect_Full:u_interconnect|AW_Channel_Controller_Top:u_AW_Channel_Controller_Top|Demux_1_2:u_Demux_Address_Write_Ready"
Info (12128): Elaborating entity "AW_MUX_2_1" for hierarchy "AXI_Interconnect_Full:u_interconnect|AW_Channel_Controller_Top:u_AW_Channel_Controller_Top|AW_MUX_2_1:u_AW_MUX_2_1"
Info (12128): Elaborating entity "Write_Addr_Channel_Dec" for hierarchy "AXI_Interconnect_Full:u_interconnect|AW_Channel_Controller_Top:u_AW_Channel_Controller_Top|Write_Addr_Channel_Dec:u_Write_Addr_Channel_Dec"
Info (12128): Elaborating entity "WD_Channel_Controller_Top" for hierarchy "AXI_Interconnect_Full:u_interconnect|WD_Channel_Controller_Top:u_WD_Channel_Controller_Top"
Info (12128): Elaborating entity "Queue" for hierarchy "AXI_Interconnect_Full:u_interconnect|WD_Channel_Controller_Top:u_WD_Channel_Controller_Top|Queue:u_Queue"
Warning (10240): Verilog HDL Always Construct warning at Queue.v(24): inferring latch(es) for variable "i", which holds its previous value in one or more paths through the always construct
Warning (10230): Verilog HDL assignment warning at Queue.v(47): truncated value with size 32 to match size of target (2)
Warning (10230): Verilog HDL assignment warning at Queue.v(54): truncated value with size 32 to match size of target (2)
Info (12128): Elaborating entity "WD_HandShake" for hierarchy "AXI_Interconnect_Full:u_interconnect|WD_Channel_Controller_Top:u_WD_Channel_Controller_Top|WD_HandShake:u_WD_HandShake"
Info (12128): Elaborating entity "WD_MUX_2_1" for hierarchy "AXI_Interconnect_Full:u_interconnect|WD_Channel_Controller_Top:u_WD_Channel_Controller_Top|WD_MUX_2_1:u_WD_MUX_2_1"
Info (12128): Elaborating entity "BR_Channel_Controller_Top" for hierarchy "AXI_Interconnect_Full:u_interconnect|BR_Channel_Controller_Top:u_BR_Channel_Controller_Top"
Info (12128): Elaborating entity "WR_HandShake" for hierarchy "AXI_Interconnect_Full:u_interconnect|BR_Channel_Controller_Top:u_BR_Channel_Controller_Top|WR_HandShake:u_WR_HandShake"
Info (12128): Elaborating entity "Write_Resp_Channel_Arb" for hierarchy "AXI_Interconnect_Full:u_interconnect|BR_Channel_Controller_Top:u_BR_Channel_Controller_Top|Write_Resp_Channel_Arb:u_Write_Resp_Channel_Arb"
Info (12128): Elaborating entity "BReady_MUX_2_1" for hierarchy "AXI_Interconnect_Full:u_interconnect|BR_Channel_Controller_Top:u_BR_Channel_Controller_Top|BReady_MUX_2_1:u_BReady_MUX_2_1"
Info (12128): Elaborating entity "Demux_1_2" for hierarchy "AXI_Interconnect_Full:u_interconnect|BR_Channel_Controller_Top:u_BR_Channel_Controller_Top|Demux_1_2:u_Demux_1_2"
Info (12128): Elaborating entity "Write_Resp_Channel_Dec" for hierarchy "AXI_Interconnect_Full:u_interconnect|BR_Channel_Controller_Top:u_BR_Channel_Controller_Top|Write_Resp_Channel_Dec:u_Write_Resp_Channel_Dec"
Warning (10199): Verilog HDL Case Statement warning at Write_Resp_Channel_Dec.v(50): case item expression never matches the case expression
Warning (10199): Verilog HDL Case Statement warning at Write_Resp_Channel_Dec.v(56): case item expression never matches the case expression
Info (12128): Elaborating entity "AR_Channel_Controller_Top" for hierarchy "AXI_Interconnect_Full:u_interconnect|AR_Channel_Controller_Top:u_AR_Channel_Controller_Top"
Info (12128): Elaborating entity "Read_Arbiter" for hierarchy "AXI_Interconnect_Full:u_interconnect|AR_Channel_Controller_Top:u_AR_Channel_Controller_Top|Read_Arbiter:u_Read_Arbiter"
Info (12128): Elaborating entity "Mux_2x1" for hierarchy "AXI_Interconnect_Full:u_interconnect|AR_Channel_Controller_Top:u_AR_Channel_Controller_Top|Mux_2x1:araddr_mux"
Info (12128): Elaborating entity "Mux_2x1" for hierarchy "AXI_Interconnect_Full:u_interconnect|AR_Channel_Controller_Top:u_AR_Channel_Controller_Top|Mux_2x1:arlen_mux"
Info (12128): Elaborating entity "Mux_2x1" for hierarchy "AXI_Interconnect_Full:u_interconnect|AR_Channel_Controller_Top:u_AR_Channel_Controller_Top|Mux_2x1:arsize_mux"
Info (12128): Elaborating entity "Mux_2x1" for hierarchy "AXI_Interconnect_Full:u_interconnect|AR_Channel_Controller_Top:u_AR_Channel_Controller_Top|Mux_2x1:arburst_mux"
Info (12128): Elaborating entity "Mux_2x1" for hierarchy "AXI_Interconnect_Full:u_interconnect|AR_Channel_Controller_Top:u_AR_Channel_Controller_Top|Mux_2x1:arcache_mux"
Info (12128): Elaborating entity "Mux_2x1" for hierarchy "AXI_Interconnect_Full:u_interconnect|AR_Channel_Controller_Top:u_AR_Channel_Controller_Top|Mux_2x1:arvalid_mux"
Info (12128): Elaborating entity "Read_Addr_Channel_Dec" for hierarchy "AXI_Interconnect_Full:u_interconnect|AR_Channel_Controller_Top:u_AR_Channel_Controller_Top|Read_Addr_Channel_Dec:u_Read_Addr_Channel_Dec"
Warning (10240): Verilog HDL Always Construct warning at Read_Addr_Channel_Dec.v(123): inferring latch(es) for variable "M03_AXI_araddr_ID", which holds its previous value in one or more paths through the always construct
Warning (10240): Verilog HDL Always Construct warning at Read_Addr_Channel_Dec.v(123): inferring latch(es) for variable "M03_AXI_araddr", which holds its previous value in one or more paths through the always construct
Warning (10240): Verilog HDL Always Construct warning at Read_Addr_Channel_Dec.v(123): inferring latch(es) for variable "M03_AXI_arlen", which holds its previous value in one or more paths through the always construct
Warning (10240): Verilog HDL Always Construct warning at Read_Addr_Channel_Dec.v(123): inferring latch(es) for variable "M03_AXI_arsize", which holds its previous value in one or more paths through the always construct
Warning (10240): Verilog HDL Always Construct warning at Read_Addr_Channel_Dec.v(123): inferring latch(es) for variable "M03_AXI_arburst", which holds its previous value in one or more paths through the always construct
Warning (10240): Verilog HDL Always Construct warning at Read_Addr_Channel_Dec.v(123): inferring latch(es) for variable "M03_AXI_arlock", which holds its previous value in one or more paths through the always construct
Warning (10240): Verilog HDL Always Construct warning at Read_Addr_Channel_Dec.v(123): inferring latch(es) for variable "M03_AXI_arcache", which holds its previous value in one or more paths through the always construct
Warning (10240): Verilog HDL Always Construct warning at Read_Addr_Channel_Dec.v(123): inferring latch(es) for variable "M03_AXI_arprot", which holds its previous value in one or more paths through the always construct
Warning (10240): Verilog HDL Always Construct warning at Read_Addr_Channel_Dec.v(123): inferring latch(es) for variable "M03_AXI_arregion", which holds its previous value in one or more paths through the always construct
Warning (10240): Verilog HDL Always Construct warning at Read_Addr_Channel_Dec.v(123): inferring latch(es) for variable "M03_AXI_arqos", which holds its previous value in one or more paths through the always construct
Warning (10240): Verilog HDL Always Construct warning at Read_Addr_Channel_Dec.v(123): inferring latch(es) for variable "M02_AXI_araddr_ID", which holds its previous value in one or more paths through the always construct
Warning (10240): Verilog HDL Always Construct warning at Read_Addr_Channel_Dec.v(123): inferring latch(es) for variable "M02_AXI_araddr", which holds its previous value in one or more paths through the always construct
Warning (10240): Verilog HDL Always Construct warning at Read_Addr_Channel_Dec.v(123): inferring latch(es) for variable "M02_AXI_arlen", which holds its previous value in one or more paths through the always construct
Warning (10240): Verilog HDL Always Construct warning at Read_Addr_Channel_Dec.v(123): inferring latch(es) for variable "M02_AXI_arsize", which holds its previous value in one or more paths through the always construct
Warning (10240): Verilog HDL Always Construct warning at Read_Addr_Channel_Dec.v(123): inferring latch(es) for variable "M02_AXI_arburst", which holds its previous value in one or more paths through the always construct
Warning (10240): Verilog HDL Always Construct warning at Read_Addr_Channel_Dec.v(123): inferring latch(es) for variable "M02_AXI_arlock", which holds its previous value in one or more paths through the always construct
Warning (10240): Verilog HDL Always Construct warning at Read_Addr_Channel_Dec.v(123): inferring latch(es) for variable "M02_AXI_arcache", which holds its previous value in one or more paths through the always construct
Warning (10240): Verilog HDL Always Construct warning at Read_Addr_Channel_Dec.v(123): inferring latch(es) for variable "M02_AXI_arprot", which holds its previous value in one or more paths through the always construct
Warning (10240): Verilog HDL Always Construct warning at Read_Addr_Channel_Dec.v(123): inferring latch(es) for variable "M02_AXI_arregion", which holds its previous value in one or more paths through the always construct
Warning (10240): Verilog HDL Always Construct warning at Read_Addr_Channel_Dec.v(123): inferring latch(es) for variable "M02_AXI_arqos", which holds its previous value in one or more paths through the always construct
Warning (10240): Verilog HDL Always Construct warning at Read_Addr_Channel_Dec.v(123): inferring latch(es) for variable "M01_AXI_araddr_ID", which holds its previous value in one or more paths through the always construct
Warning (10240): Verilog HDL Always Construct warning at Read_Addr_Channel_Dec.v(123): inferring latch(es) for variable "M01_AXI_araddr", which holds its previous value in one or more paths through the always construct
Warning (10240): Verilog HDL Always Construct warning at Read_Addr_Channel_Dec.v(123): inferring latch(es) for variable "M01_AXI_arlen", which holds its previous value in one or more paths through the always construct
Warning (10240): Verilog HDL Always Construct warning at Read_Addr_Channel_Dec.v(123): inferring latch(es) for variable "M01_AXI_arsize", which holds its previous value in one or more paths through the always construct
Warning (10240): Verilog HDL Always Construct warning at Read_Addr_Channel_Dec.v(123): inferring latch(es) for variable "M01_AXI_arburst", which holds its previous value in one or more paths through the always construct
Warning (10240): Verilog HDL Always Construct warning at Read_Addr_Channel_Dec.v(123): inferring latch(es) for variable "M01_AXI_arlock", which holds its previous value in one or more paths through the always construct
Warning (10240): Verilog HDL Always Construct warning at Read_Addr_Channel_Dec.v(123): inferring latch(es) for variable "M01_AXI_arcache", which holds its previous value in one or more paths through the always construct
Warning (10240): Verilog HDL Always Construct warning at Read_Addr_Channel_Dec.v(123): inferring latch(es) for variable "M01_AXI_arprot", which holds its previous value in one or more paths through the always construct
Warning (10240): Verilog HDL Always Construct warning at Read_Addr_Channel_Dec.v(123): inferring latch(es) for variable "M01_AXI_arregion", which holds its previous value in one or more paths through the always construct
Warning (10240): Verilog HDL Always Construct warning at Read_Addr_Channel_Dec.v(123): inferring latch(es) for variable "M01_AXI_arqos", which holds its previous value in one or more paths through the always construct
Warning (10240): Verilog HDL Always Construct warning at Read_Addr_Channel_Dec.v(123): inferring latch(es) for variable "M00_AXI_araddr_ID", which holds its previous value in one or more paths through the always construct
Warning (10240): Verilog HDL Always Construct warning at Read_Addr_Channel_Dec.v(123): inferring latch(es) for variable "M00_AXI_araddr", which holds its previous value in one or more paths through the always construct
Warning (10240): Verilog HDL Always Construct warning at Read_Addr_Channel_Dec.v(123): inferring latch(es) for variable "M00_AXI_arlen", which holds its previous value in one or more paths through the always construct
Warning (10240): Verilog HDL Always Construct warning at Read_Addr_Channel_Dec.v(123): inferring latch(es) for variable "M00_AXI_arsize", which holds its previous value in one or more paths through the always construct
Warning (10240): Verilog HDL Always Construct warning at Read_Addr_Channel_Dec.v(123): inferring latch(es) for variable "M00_AXI_arburst", which holds its previous value in one or more paths through the always construct
Warning (10240): Verilog HDL Always Construct warning at Read_Addr_Channel_Dec.v(123): inferring latch(es) for variable "M00_AXI_arlock", which holds its previous value in one or more paths through the always construct
Warning (10240): Verilog HDL Always Construct warning at Read_Addr_Channel_Dec.v(123): inferring latch(es) for variable "M00_AXI_arcache", which holds its previous value in one or more paths through the always construct
Warning (10240): Verilog HDL Always Construct warning at Read_Addr_Channel_Dec.v(123): inferring latch(es) for variable "M00_AXI_arprot", which holds its previous value in one or more paths through the always construct
Warning (10240): Verilog HDL Always Construct warning at Read_Addr_Channel_Dec.v(123): inferring latch(es) for variable "M00_AXI_arregion", which holds its previous value in one or more paths through the always construct
Warning (10240): Verilog HDL Always Construct warning at Read_Addr_Channel_Dec.v(123): inferring latch(es) for variable "M00_AXI_arqos", which holds its previous value in one or more paths through the always construct
Info (10041): Inferred latch for "M00_AXI_arqos[0]" at Read_Addr_Channel_Dec.v(123)
Info (10041): Inferred latch for "M00_AXI_arqos[1]" at Read_Addr_Channel_Dec.v(123)
Info (10041): Inferred latch for "M00_AXI_arqos[2]" at Read_Addr_Channel_Dec.v(123)
Info (10041): Inferred latch for "M00_AXI_arqos[3]" at Read_Addr_Channel_Dec.v(123)
Info (10041): Inferred latch for "M00_AXI_arregion[0]" at Read_Addr_Channel_Dec.v(123)
Info (10041): Inferred latch for "M00_AXI_arregion[1]" at Read_Addr_Channel_Dec.v(123)
Info (10041): Inferred latch for "M00_AXI_arregion[2]" at Read_Addr_Channel_Dec.v(123)
Info (10041): Inferred latch for "M00_AXI_arregion[3]" at Read_Addr_Channel_Dec.v(123)
Info (10041): Inferred latch for "M00_AXI_arprot[0]" at Read_Addr_Channel_Dec.v(123)
Info (10041): Inferred latch for "M00_AXI_arprot[1]" at Read_Addr_Channel_Dec.v(123)
Info (10041): Inferred latch for "M00_AXI_arprot[2]" at Read_Addr_Channel_Dec.v(123)
Info (10041): Inferred latch for "M00_AXI_arcache[0]" at Read_Addr_Channel_Dec.v(123)
Info (10041): Inferred latch for "M00_AXI_arcache[1]" at Read_Addr_Channel_Dec.v(123)
Info (10041): Inferred latch for "M00_AXI_arcache[2]" at Read_Addr_Channel_Dec.v(123)
Info (10041): Inferred latch for "M00_AXI_arcache[3]" at Read_Addr_Channel_Dec.v(123)
Info (10041): Inferred latch for "M00_AXI_arlock[0]" at Read_Addr_Channel_Dec.v(123)
Info (10041): Inferred latch for "M00_AXI_arlock[1]" at Read_Addr_Channel_Dec.v(123)
Info (10041): Inferred latch for "M00_AXI_arburst[0]" at Read_Addr_Channel_Dec.v(123)
Info (10041): Inferred latch for "M00_AXI_arburst[1]" at Read_Addr_Channel_Dec.v(123)
Info (10041): Inferred latch for "M00_AXI_arsize[0]" at Read_Addr_Channel_Dec.v(123)
Info (10041): Inferred latch for "M00_AXI_arsize[1]" at Read_Addr_Channel_Dec.v(123)
Info (10041): Inferred latch for "M00_AXI_arsize[2]" at Read_Addr_Channel_Dec.v(123)
Info (10041): Inferred latch for "M00_AXI_arlen[0]" at Read_Addr_Channel_Dec.v(123)
Info (10041): Inferred latch for "M00_AXI_arlen[1]" at Read_Addr_Channel_Dec.v(123)
Info (10041): Inferred latch for "M00_AXI_arlen[2]" at Read_Addr_Channel_Dec.v(123)
Info (10041): Inferred latch for "M00_AXI_arlen[3]" at Read_Addr_Channel_Dec.v(123)
Info (10041): Inferred latch for "M00_AXI_arlen[4]" at Read_Addr_Channel_Dec.v(123)
Info (10041): Inferred latch for "M00_AXI_arlen[5]" at Read_Addr_Channel_Dec.v(123)
Info (10041): Inferred latch for "M00_AXI_arlen[6]" at Read_Addr_Channel_Dec.v(123)
Info (10041): Inferred latch for "M00_AXI_arlen[7]" at Read_Addr_Channel_Dec.v(123)
Info (10041): Inferred latch for "M00_AXI_araddr[0]" at Read_Addr_Channel_Dec.v(123)
Info (10041): Inferred latch for "M00_AXI_araddr[1]" at Read_Addr_Channel_Dec.v(123)
Info (10041): Inferred latch for "M00_AXI_araddr[2]" at Read_Addr_Channel_Dec.v(123)
Info (10041): Inferred latch for "M00_AXI_araddr[3]" at Read_Addr_Channel_Dec.v(123)
Info (10041): Inferred latch for "M00_AXI_araddr[4]" at Read_Addr_Channel_Dec.v(123)
Info (10041): Inferred latch for "M00_AXI_araddr[5]" at Read_Addr_Channel_Dec.v(123)
Info (10041): Inferred latch for "M00_AXI_araddr[6]" at Read_Addr_Channel_Dec.v(123)
Info (10041): Inferred latch for "M00_AXI_araddr[7]" at Read_Addr_Channel_Dec.v(123)
Info (10041): Inferred latch for "M00_AXI_araddr[8]" at Read_Addr_Channel_Dec.v(123)
Info (10041): Inferred latch for "M00_AXI_araddr[9]" at Read_Addr_Channel_Dec.v(123)
Info (10041): Inferred latch for "M00_AXI_araddr[10]" at Read_Addr_Channel_Dec.v(123)
Info (10041): Inferred latch for "M00_AXI_araddr[11]" at Read_Addr_Channel_Dec.v(123)
Info (10041): Inferred latch for "M00_AXI_araddr[12]" at Read_Addr_Channel_Dec.v(123)
Info (10041): Inferred latch for "M00_AXI_araddr[13]" at Read_Addr_Channel_Dec.v(123)
Info (10041): Inferred latch for "M00_AXI_araddr[14]" at Read_Addr_Channel_Dec.v(123)
Info (10041): Inferred latch for "M00_AXI_araddr[15]" at Read_Addr_Channel_Dec.v(123)
Info (10041): Inferred latch for "M00_AXI_araddr[16]" at Read_Addr_Channel_Dec.v(123)
Info (10041): Inferred latch for "M00_AXI_araddr[17]" at Read_Addr_Channel_Dec.v(123)
Info (10041): Inferred latch for "M00_AXI_araddr[18]" at Read_Addr_Channel_Dec.v(123)
Info (10041): Inferred latch for "M00_AXI_araddr[19]" at Read_Addr_Channel_Dec.v(123)
Info (10041): Inferred latch for "M00_AXI_araddr[20]" at Read_Addr_Channel_Dec.v(123)
Info (10041): Inferred latch for "M00_AXI_araddr[21]" at Read_Addr_Channel_Dec.v(123)
Info (10041): Inferred latch for "M00_AXI_araddr[22]" at Read_Addr_Channel_Dec.v(123)
Info (10041): Inferred latch for "M00_AXI_araddr[23]" at Read_Addr_Channel_Dec.v(123)
Info (10041): Inferred latch for "M00_AXI_araddr[24]" at Read_Addr_Channel_Dec.v(123)
Info (10041): Inferred latch for "M00_AXI_araddr[25]" at Read_Addr_Channel_Dec.v(123)
Info (10041): Inferred latch for "M00_AXI_araddr[26]" at Read_Addr_Channel_Dec.v(123)
Info (10041): Inferred latch for "M00_AXI_araddr[27]" at Read_Addr_Channel_Dec.v(123)
Info (10041): Inferred latch for "M00_AXI_araddr[28]" at Read_Addr_Channel_Dec.v(123)
Info (10041): Inferred latch for "M00_AXI_araddr[29]" at Read_Addr_Channel_Dec.v(123)
Info (10041): Inferred latch for "M00_AXI_araddr[30]" at Read_Addr_Channel_Dec.v(123)
Info (10041): Inferred latch for "M00_AXI_araddr[31]" at Read_Addr_Channel_Dec.v(123)
Info (10041): Inferred latch for "M00_AXI_araddr_ID[0]" at Read_Addr_Channel_Dec.v(123)
Info (10041): Inferred latch for "M01_AXI_arqos[0]" at Read_Addr_Channel_Dec.v(123)
Info (10041): Inferred latch for "M01_AXI_arqos[1]" at Read_Addr_Channel_Dec.v(123)
Info (10041): Inferred latch for "M01_AXI_arqos[2]" at Read_Addr_Channel_Dec.v(123)
Info (10041): Inferred latch for "M01_AXI_arqos[3]" at Read_Addr_Channel_Dec.v(123)
Info (10041): Inferred latch for "M01_AXI_arregion[0]" at Read_Addr_Channel_Dec.v(123)
Info (10041): Inferred latch for "M01_AXI_arregion[1]" at Read_Addr_Channel_Dec.v(123)
Info (10041): Inferred latch for "M01_AXI_arregion[2]" at Read_Addr_Channel_Dec.v(123)
Info (10041): Inferred latch for "M01_AXI_arregion[3]" at Read_Addr_Channel_Dec.v(123)
Info (10041): Inferred latch for "M01_AXI_arprot[0]" at Read_Addr_Channel_Dec.v(123)
Info (10041): Inferred latch for "M01_AXI_arprot[1]" at Read_Addr_Channel_Dec.v(123)
Info (10041): Inferred latch for "M01_AXI_arprot[2]" at Read_Addr_Channel_Dec.v(123)
Info (10041): Inferred latch for "M01_AXI_arcache[0]" at Read_Addr_Channel_Dec.v(123)
Info (10041): Inferred latch for "M01_AXI_arcache[1]" at Read_Addr_Channel_Dec.v(123)
Info (10041): Inferred latch for "M01_AXI_arcache[2]" at Read_Addr_Channel_Dec.v(123)
Info (10041): Inferred latch for "M01_AXI_arcache[3]" at Read_Addr_Channel_Dec.v(123)
Info (10041): Inferred latch for "M01_AXI_arlock[0]" at Read_Addr_Channel_Dec.v(123)
Info (10041): Inferred latch for "M01_AXI_arlock[1]" at Read_Addr_Channel_Dec.v(123)
Info (10041): Inferred latch for "M01_AXI_arburst[0]" at Read_Addr_Channel_Dec.v(123)
Info (10041): Inferred latch for "M01_AXI_arburst[1]" at Read_Addr_Channel_Dec.v(123)
Info (10041): Inferred latch for "M01_AXI_arsize[0]" at Read_Addr_Channel_Dec.v(123)
Info (10041): Inferred latch for "M01_AXI_arsize[1]" at Read_Addr_Channel_Dec.v(123)
Info (10041): Inferred latch for "M01_AXI_arsize[2]" at Read_Addr_Channel_Dec.v(123)
Info (10041): Inferred latch for "M01_AXI_arlen[0]" at Read_Addr_Channel_Dec.v(123)
Info (10041): Inferred latch for "M01_AXI_arlen[1]" at Read_Addr_Channel_Dec.v(123)
Info (10041): Inferred latch for "M01_AXI_arlen[2]" at Read_Addr_Channel_Dec.v(123)
Info (10041): Inferred latch for "M01_AXI_arlen[3]" at Read_Addr_Channel_Dec.v(123)
Info (10041): Inferred latch for "M01_AXI_arlen[4]" at Read_Addr_Channel_Dec.v(123)
Info (10041): Inferred latch for "M01_AXI_arlen[5]" at Read_Addr_Channel_Dec.v(123)
Info (10041): Inferred latch for "M01_AXI_arlen[6]" at Read_Addr_Channel_Dec.v(123)
Info (10041): Inferred latch for "M01_AXI_arlen[7]" at Read_Addr_Channel_Dec.v(123)
Info (10041): Inferred latch for "M01_AXI_araddr[0]" at Read_Addr_Channel_Dec.v(123)
Info (10041): Inferred latch for "M01_AXI_araddr[1]" at Read_Addr_Channel_Dec.v(123)
Info (10041): Inferred latch for "M01_AXI_araddr[2]" at Read_Addr_Channel_Dec.v(123)
Info (10041): Inferred latch for "M01_AXI_araddr[3]" at Read_Addr_Channel_Dec.v(123)
Info (10041): Inferred latch for "M01_AXI_araddr[4]" at Read_Addr_Channel_Dec.v(123)
Info (10041): Inferred latch for "M01_AXI_araddr[5]" at Read_Addr_Channel_Dec.v(123)
Info (10041): Inferred latch for "M01_AXI_araddr[6]" at Read_Addr_Channel_Dec.v(123)
Info (10041): Inferred latch for "M01_AXI_araddr[7]" at Read_Addr_Channel_Dec.v(123)
Info (10041): Inferred latch for "M01_AXI_araddr[8]" at Read_Addr_Channel_Dec.v(123)
Info (10041): Inferred latch for "M01_AXI_araddr[9]" at Read_Addr_Channel_Dec.v(123)
Info (10041): Inferred latch for "M01_AXI_araddr[10]" at Read_Addr_Channel_Dec.v(123)
Info (10041): Inferred latch for "M01_AXI_araddr[11]" at Read_Addr_Channel_Dec.v(123)
Info (10041): Inferred latch for "M01_AXI_araddr[12]" at Read_Addr_Channel_Dec.v(123)
Info (10041): Inferred latch for "M01_AXI_araddr[13]" at Read_Addr_Channel_Dec.v(123)
Info (10041): Inferred latch for "M01_AXI_araddr[14]" at Read_Addr_Channel_Dec.v(123)
Info (10041): Inferred latch for "M01_AXI_araddr[15]" at Read_Addr_Channel_Dec.v(123)
Info (10041): Inferred latch for "M01_AXI_araddr[16]" at Read_Addr_Channel_Dec.v(123)
Info (10041): Inferred latch for "M01_AXI_araddr[17]" at Read_Addr_Channel_Dec.v(123)
Info (10041): Inferred latch for "M01_AXI_araddr[18]" at Read_Addr_Channel_Dec.v(123)
Info (10041): Inferred latch for "M01_AXI_araddr[19]" at Read_Addr_Channel_Dec.v(123)
Info (10041): Inferred latch for "M01_AXI_araddr[20]" at Read_Addr_Channel_Dec.v(123)
Info (10041): Inferred latch for "M01_AXI_araddr[21]" at Read_Addr_Channel_Dec.v(123)
Info (10041): Inferred latch for "M01_AXI_araddr[22]" at Read_Addr_Channel_Dec.v(123)
Info (10041): Inferred latch for "M01_AXI_araddr[23]" at Read_Addr_Channel_Dec.v(123)
Info (10041): Inferred latch for "M01_AXI_araddr[24]" at Read_Addr_Channel_Dec.v(123)
Info (10041): Inferred latch for "M01_AXI_araddr[25]" at Read_Addr_Channel_Dec.v(123)
Info (10041): Inferred latch for "M01_AXI_araddr[26]" at Read_Addr_Channel_Dec.v(123)
Info (10041): Inferred latch for "M01_AXI_araddr[27]" at Read_Addr_Channel_Dec.v(123)
Info (10041): Inferred latch for "M01_AXI_araddr[28]" at Read_Addr_Channel_Dec.v(123)
Info (10041): Inferred latch for "M01_AXI_araddr[29]" at Read_Addr_Channel_Dec.v(123)
Info (10041): Inferred latch for "M01_AXI_araddr[30]" at Read_Addr_Channel_Dec.v(123)
Info (10041): Inferred latch for "M01_AXI_araddr[31]" at Read_Addr_Channel_Dec.v(123)
Info (10041): Inferred latch for "M01_AXI_araddr_ID[0]" at Read_Addr_Channel_Dec.v(123)
Info (10041): Inferred latch for "M02_AXI_arqos[0]" at Read_Addr_Channel_Dec.v(123)
Info (10041): Inferred latch for "M02_AXI_arqos[1]" at Read_Addr_Channel_Dec.v(123)
Info (10041): Inferred latch for "M02_AXI_arqos[2]" at Read_Addr_Channel_Dec.v(123)
Info (10041): Inferred latch for "M02_AXI_arqos[3]" at Read_Addr_Channel_Dec.v(123)
Info (10041): Inferred latch for "M02_AXI_arregion[0]" at Read_Addr_Channel_Dec.v(123)
Info (10041): Inferred latch for "M02_AXI_arregion[1]" at Read_Addr_Channel_Dec.v(123)
Info (10041): Inferred latch for "M02_AXI_arregion[2]" at Read_Addr_Channel_Dec.v(123)
Info (10041): Inferred latch for "M02_AXI_arregion[3]" at Read_Addr_Channel_Dec.v(123)
Info (10041): Inferred latch for "M02_AXI_arprot[0]" at Read_Addr_Channel_Dec.v(123)
Info (10041): Inferred latch for "M02_AXI_arprot[1]" at Read_Addr_Channel_Dec.v(123)
Info (10041): Inferred latch for "M02_AXI_arprot[2]" at Read_Addr_Channel_Dec.v(123)
Info (10041): Inferred latch for "M02_AXI_arcache[0]" at Read_Addr_Channel_Dec.v(123)
Info (10041): Inferred latch for "M02_AXI_arcache[1]" at Read_Addr_Channel_Dec.v(123)
Info (10041): Inferred latch for "M02_AXI_arcache[2]" at Read_Addr_Channel_Dec.v(123)
Info (10041): Inferred latch for "M02_AXI_arcache[3]" at Read_Addr_Channel_Dec.v(123)
Info (10041): Inferred latch for "M02_AXI_arlock[0]" at Read_Addr_Channel_Dec.v(123)
Info (10041): Inferred latch for "M02_AXI_arlock[1]" at Read_Addr_Channel_Dec.v(123)
Info (10041): Inferred latch for "M02_AXI_arburst[0]" at Read_Addr_Channel_Dec.v(123)
Info (10041): Inferred latch for "M02_AXI_arburst[1]" at Read_Addr_Channel_Dec.v(123)
Info (10041): Inferred latch for "M02_AXI_arsize[0]" at Read_Addr_Channel_Dec.v(123)
Info (10041): Inferred latch for "M02_AXI_arsize[1]" at Read_Addr_Channel_Dec.v(123)
Info (10041): Inferred latch for "M02_AXI_arsize[2]" at Read_Addr_Channel_Dec.v(123)
Info (10041): Inferred latch for "M02_AXI_arlen[0]" at Read_Addr_Channel_Dec.v(123)
Info (10041): Inferred latch for "M02_AXI_arlen[1]" at Read_Addr_Channel_Dec.v(123)
Info (10041): Inferred latch for "M02_AXI_arlen[2]" at Read_Addr_Channel_Dec.v(123)
Info (10041): Inferred latch for "M02_AXI_arlen[3]" at Read_Addr_Channel_Dec.v(123)
Info (10041): Inferred latch for "M02_AXI_arlen[4]" at Read_Addr_Channel_Dec.v(123)
Info (10041): Inferred latch for "M02_AXI_arlen[5]" at Read_Addr_Channel_Dec.v(123)
Info (10041): Inferred latch for "M02_AXI_arlen[6]" at Read_Addr_Channel_Dec.v(123)
Info (10041): Inferred latch for "M02_AXI_arlen[7]" at Read_Addr_Channel_Dec.v(123)
Info (10041): Inferred latch for "M02_AXI_araddr[0]" at Read_Addr_Channel_Dec.v(123)
Info (10041): Inferred latch for "M02_AXI_araddr[1]" at Read_Addr_Channel_Dec.v(123)
Info (10041): Inferred latch for "M02_AXI_araddr[2]" at Read_Addr_Channel_Dec.v(123)
Info (10041): Inferred latch for "M02_AXI_araddr[3]" at Read_Addr_Channel_Dec.v(123)
Info (10041): Inferred latch for "M02_AXI_araddr[4]" at Read_Addr_Channel_Dec.v(123)
Info (10041): Inferred latch for "M02_AXI_araddr[5]" at Read_Addr_Channel_Dec.v(123)
Info (10041): Inferred latch for "M02_AXI_araddr[6]" at Read_Addr_Channel_Dec.v(123)
Info (10041): Inferred latch for "M02_AXI_araddr[7]" at Read_Addr_Channel_Dec.v(123)
Info (10041): Inferred latch for "M02_AXI_araddr[8]" at Read_Addr_Channel_Dec.v(123)
Info (10041): Inferred latch for "M02_AXI_araddr[9]" at Read_Addr_Channel_Dec.v(123)
Info (10041): Inferred latch for "M02_AXI_araddr[10]" at Read_Addr_Channel_Dec.v(123)
Info (10041): Inferred latch for "M02_AXI_araddr[11]" at Read_Addr_Channel_Dec.v(123)
Info (10041): Inferred latch for "M02_AXI_araddr[12]" at Read_Addr_Channel_Dec.v(123)
Info (10041): Inferred latch for "M02_AXI_araddr[13]" at Read_Addr_Channel_Dec.v(123)
Info (10041): Inferred latch for "M02_AXI_araddr[14]" at Read_Addr_Channel_Dec.v(123)
Info (10041): Inferred latch for "M02_AXI_araddr[15]" at Read_Addr_Channel_Dec.v(123)
Info (10041): Inferred latch for "M02_AXI_araddr[16]" at Read_Addr_Channel_Dec.v(123)
Info (10041): Inferred latch for "M02_AXI_araddr[17]" at Read_Addr_Channel_Dec.v(123)
Info (10041): Inferred latch for "M02_AXI_araddr[18]" at Read_Addr_Channel_Dec.v(123)
Info (10041): Inferred latch for "M02_AXI_araddr[19]" at Read_Addr_Channel_Dec.v(123)
Info (10041): Inferred latch for "M02_AXI_araddr[20]" at Read_Addr_Channel_Dec.v(123)
Info (10041): Inferred latch for "M02_AXI_araddr[21]" at Read_Addr_Channel_Dec.v(123)
Info (10041): Inferred latch for "M02_AXI_araddr[22]" at Read_Addr_Channel_Dec.v(123)
Info (10041): Inferred latch for "M02_AXI_araddr[23]" at Read_Addr_Channel_Dec.v(123)
Info (10041): Inferred latch for "M02_AXI_araddr[24]" at Read_Addr_Channel_Dec.v(123)
Info (10041): Inferred latch for "M02_AXI_araddr[25]" at Read_Addr_Channel_Dec.v(123)
Info (10041): Inferred latch for "M02_AXI_araddr[26]" at Read_Addr_Channel_Dec.v(123)
Info (10041): Inferred latch for "M02_AXI_araddr[27]" at Read_Addr_Channel_Dec.v(123)
Info (10041): Inferred latch for "M02_AXI_araddr[28]" at Read_Addr_Channel_Dec.v(123)
Info (10041): Inferred latch for "M02_AXI_araddr[29]" at Read_Addr_Channel_Dec.v(123)
Info (10041): Inferred latch for "M02_AXI_araddr[30]" at Read_Addr_Channel_Dec.v(123)
Info (10041): Inferred latch for "M02_AXI_araddr[31]" at Read_Addr_Channel_Dec.v(123)
Info (10041): Inferred latch for "M02_AXI_araddr_ID[0]" at Read_Addr_Channel_Dec.v(123)
Info (10041): Inferred latch for "M03_AXI_arqos[0]" at Read_Addr_Channel_Dec.v(123)
Info (10041): Inferred latch for "M03_AXI_arqos[1]" at Read_Addr_Channel_Dec.v(123)
Info (10041): Inferred latch for "M03_AXI_arqos[2]" at Read_Addr_Channel_Dec.v(123)
Info (10041): Inferred latch for "M03_AXI_arqos[3]" at Read_Addr_Channel_Dec.v(123)
Info (10041): Inferred latch for "M03_AXI_arregion[0]" at Read_Addr_Channel_Dec.v(123)
Info (10041): Inferred latch for "M03_AXI_arregion[1]" at Read_Addr_Channel_Dec.v(123)
Info (10041): Inferred latch for "M03_AXI_arregion[2]" at Read_Addr_Channel_Dec.v(123)
Info (10041): Inferred latch for "M03_AXI_arregion[3]" at Read_Addr_Channel_Dec.v(123)
Info (10041): Inferred latch for "M03_AXI_arprot[0]" at Read_Addr_Channel_Dec.v(123)
Info (10041): Inferred latch for "M03_AXI_arprot[1]" at Read_Addr_Channel_Dec.v(123)
Info (10041): Inferred latch for "M03_AXI_arprot[2]" at Read_Addr_Channel_Dec.v(123)
Info (10041): Inferred latch for "M03_AXI_arcache[0]" at Read_Addr_Channel_Dec.v(123)
Info (10041): Inferred latch for "M03_AXI_arcache[1]" at Read_Addr_Channel_Dec.v(123)
Info (10041): Inferred latch for "M03_AXI_arcache[2]" at Read_Addr_Channel_Dec.v(123)
Info (10041): Inferred latch for "M03_AXI_arcache[3]" at Read_Addr_Channel_Dec.v(123)
Info (10041): Inferred latch for "M03_AXI_arlock[0]" at Read_Addr_Channel_Dec.v(123)
Info (10041): Inferred latch for "M03_AXI_arlock[1]" at Read_Addr_Channel_Dec.v(123)
Info (10041): Inferred latch for "M03_AXI_arburst[0]" at Read_Addr_Channel_Dec.v(123)
Info (10041): Inferred latch for "M03_AXI_arburst[1]" at Read_Addr_Channel_Dec.v(123)
Info (10041): Inferred latch for "M03_AXI_arsize[0]" at Read_Addr_Channel_Dec.v(123)
Info (10041): Inferred latch for "M03_AXI_arsize[1]" at Read_Addr_Channel_Dec.v(123)
Info (10041): Inferred latch for "M03_AXI_arsize[2]" at Read_Addr_Channel_Dec.v(123)
Info (10041): Inferred latch for "M03_AXI_arlen[0]" at Read_Addr_Channel_Dec.v(123)
Info (10041): Inferred latch for "M03_AXI_arlen[1]" at Read_Addr_Channel_Dec.v(123)
Info (10041): Inferred latch for "M03_AXI_arlen[2]" at Read_Addr_Channel_Dec.v(123)
Info (10041): Inferred latch for "M03_AXI_arlen[3]" at Read_Addr_Channel_Dec.v(123)
Info (10041): Inferred latch for "M03_AXI_arlen[4]" at Read_Addr_Channel_Dec.v(123)
Info (10041): Inferred latch for "M03_AXI_arlen[5]" at Read_Addr_Channel_Dec.v(123)
Info (10041): Inferred latch for "M03_AXI_arlen[6]" at Read_Addr_Channel_Dec.v(123)
Info (10041): Inferred latch for "M03_AXI_arlen[7]" at Read_Addr_Channel_Dec.v(123)
Info (10041): Inferred latch for "M03_AXI_araddr[0]" at Read_Addr_Channel_Dec.v(123)
Info (10041): Inferred latch for "M03_AXI_araddr[1]" at Read_Addr_Channel_Dec.v(123)
Info (10041): Inferred latch for "M03_AXI_araddr[2]" at Read_Addr_Channel_Dec.v(123)
Info (10041): Inferred latch for "M03_AXI_araddr[3]" at Read_Addr_Channel_Dec.v(123)
Info (10041): Inferred latch for "M03_AXI_araddr[4]" at Read_Addr_Channel_Dec.v(123)
Info (10041): Inferred latch for "M03_AXI_araddr[5]" at Read_Addr_Channel_Dec.v(123)
Info (10041): Inferred latch for "M03_AXI_araddr[6]" at Read_Addr_Channel_Dec.v(123)
Info (10041): Inferred latch for "M03_AXI_araddr[7]" at Read_Addr_Channel_Dec.v(123)
Info (10041): Inferred latch for "M03_AXI_araddr[8]" at Read_Addr_Channel_Dec.v(123)
Info (10041): Inferred latch for "M03_AXI_araddr[9]" at Read_Addr_Channel_Dec.v(123)
Info (10041): Inferred latch for "M03_AXI_araddr[10]" at Read_Addr_Channel_Dec.v(123)
Info (10041): Inferred latch for "M03_AXI_araddr[11]" at Read_Addr_Channel_Dec.v(123)
Info (10041): Inferred latch for "M03_AXI_araddr[12]" at Read_Addr_Channel_Dec.v(123)
Info (10041): Inferred latch for "M03_AXI_araddr[13]" at Read_Addr_Channel_Dec.v(123)
Info (10041): Inferred latch for "M03_AXI_araddr[14]" at Read_Addr_Channel_Dec.v(123)
Info (10041): Inferred latch for "M03_AXI_araddr[15]" at Read_Addr_Channel_Dec.v(123)
Info (10041): Inferred latch for "M03_AXI_araddr[16]" at Read_Addr_Channel_Dec.v(123)
Info (10041): Inferred latch for "M03_AXI_araddr[17]" at Read_Addr_Channel_Dec.v(123)
Info (10041): Inferred latch for "M03_AXI_araddr[18]" at Read_Addr_Channel_Dec.v(123)
Info (10041): Inferred latch for "M03_AXI_araddr[19]" at Read_Addr_Channel_Dec.v(123)
Info (10041): Inferred latch for "M03_AXI_araddr[20]" at Read_Addr_Channel_Dec.v(123)
Info (10041): Inferred latch for "M03_AXI_araddr[21]" at Read_Addr_Channel_Dec.v(123)
Info (10041): Inferred latch for "M03_AXI_araddr[22]" at Read_Addr_Channel_Dec.v(123)
Info (10041): Inferred latch for "M03_AXI_araddr[23]" at Read_Addr_Channel_Dec.v(123)
Info (10041): Inferred latch for "M03_AXI_araddr[24]" at Read_Addr_Channel_Dec.v(123)
Info (10041): Inferred latch for "M03_AXI_araddr[25]" at Read_Addr_Channel_Dec.v(123)
Info (10041): Inferred latch for "M03_AXI_araddr[26]" at Read_Addr_Channel_Dec.v(123)
Info (10041): Inferred latch for "M03_AXI_araddr[27]" at Read_Addr_Channel_Dec.v(123)
Info (10041): Inferred latch for "M03_AXI_araddr[28]" at Read_Addr_Channel_Dec.v(123)
Info (10041): Inferred latch for "M03_AXI_araddr[29]" at Read_Addr_Channel_Dec.v(123)
Info (10041): Inferred latch for "M03_AXI_araddr[30]" at Read_Addr_Channel_Dec.v(123)
Info (10041): Inferred latch for "M03_AXI_araddr[31]" at Read_Addr_Channel_Dec.v(123)
Info (10041): Inferred latch for "M03_AXI_araddr_ID[0]" at Read_Addr_Channel_Dec.v(123)
Info (12128): Elaborating entity "Controller" for hierarchy "AXI_Interconnect_Full:u_interconnect|Controller:Read_controller"
Warning (10036): Verilog HDL or VHDL warning at Controller.v(70): object "S0_busy" assigned a value but never read
Warning (10036): Verilog HDL or VHDL warning at Controller.v(70): object "S1_busy" assigned a value but never read
Warning (10036): Verilog HDL or VHDL warning at Controller.v(70): object "S2_busy" assigned a value but never read
Warning (10036): Verilog HDL or VHDL warning at Controller.v(70): object "S3_busy" assigned a value but never read
Info (12128): Elaborating entity "Demux_1x4" for hierarchy "AXI_Interconnect_Full:u_interconnect|Demux_1x4:rready_demux_M0"
Info (12128): Elaborating entity "Mux_4x1" for hierarchy "AXI_Interconnect_Full:u_interconnect|Mux_4x1:rvalid_mux_M0"
Info (12128): Elaborating entity "Mux_4x1" for hierarchy "AXI_Interconnect_Full:u_interconnect|Mux_4x1:rdata_mux_M0"
Info (12128): Elaborating entity "Mux_4x1" for hierarchy "AXI_Interconnect_Full:u_interconnect|Mux_4x1:rresp_mux_M0"
Info (12128): Elaborating entity "Simple_Memory_Slave" for hierarchy "Simple_Memory_Slave:u_slave0"
Warning (10036): Verilog HDL or VHDL warning at Simple_Memory_Slave.v(78): object "write_len" assigned a value but never read
Warning (10036): Verilog HDL or VHDL warning at Simple_Memory_Slave.v(87): object "read_len" assigned a value but never read
Warning (10036): Verilog HDL or VHDL warning at Simple_Memory_Slave.v(91): object "read_count" assigned a value but never read
Warning (10230): Verilog HDL assignment warning at Simple_Memory_Slave.v(97): truncated value with size 32 to match size of target (8)
Warning (10230): Verilog HDL assignment warning at Simple_Memory_Slave.v(98): truncated value with size 32 to match size of target (8)
Warning (10230): Verilog HDL assignment warning at Simple_Memory_Slave.v(140): truncated value with size 32 to match size of target (8)
Error (10028): Can't resolve multiple constant drivers for net "read_addr_received" at Simple_Memory_Slave.v(197) File: D:/AXI/Slave_Memory/Simple_Memory_Slave.v Line: 197
Error (10029): Constant driver at Simple_Memory_Slave.v(175) File: D:/AXI/Slave_Memory/Simple_Memory_Slave.v Line: 175
Error (12152): Can't elaborate user hierarchy "Simple_Memory_Slave:u_slave0" File: D:/AXI/src/wrapper/alu_master_system.v Line: 704
Info (144001): Generated suppressed messages file D:/AXI/sim/quartus/output_files/AXI_PROJECT.map.smsg
Error: Quartus II 64-Bit Analysis & Synthesis was unsuccessful. 3 errors, 75 warnings
    Error: Peak virtual memory: 4607 megabytes
    Error: Processing ended: Tue Nov 11 11:47:01 2025
    Error: Elapsed time: 00:00:01
    Error: Total CPU time (on all processors): 00:00:01


+------------------------------------------+
; Analysis & Synthesis Suppressed Messages ;
+------------------------------------------+
The suppressed messages can be found in D:/AXI/sim/quartus/output_files/AXI_PROJECT.map.smsg.


